<?xml version="1.0" encoding="UTF-8"?>
<!-- Generated by org.testng.reporters.JUnitReportReporter -->
<testsuite hostname="DESKTOP-151NQ9B" failures="0" tests="2" name="mar11.AdvanceReports" time="48.510" errors="0" timestamp="2024-05-05T20:16:20 IST" skipped="0">
  <testcase classname="mar11.AdvanceReports" name="passTest" time="13.907"/>
  <testcase classname="mar11.AdvanceReports" name="failTest" time="34.603"/>
</testsuite> <!-- mar11.AdvanceReports -->
